app/build/intermediates/manifest_merge_blame_file/release/manifest-merger-blame-release-report.txt
1<?xml version="1.0" encoding="utf-8"?>
2<manifest xmlns:android="http://schemas.android.com/apk/res/android"
3    package="com.insajet.ezdine"
4    android:versionCode="2"
5    android:versionName="1.0.1" >
6
7    <uses-sdk
8        android:minSdkVersion="16"
8-->src\main\AndroidManifest.xml
9        android:targetSdkVersion="30" />
9-->src\main\AndroidManifest.xml
10
11    <uses-permission android:name="android.permission.INTERNET" />
11-->src\main\AndroidManifest.xml:3:5-67
11-->src\main\AndroidManifest.xml:3:22-64
12    <uses-permission android:name="android.permission.VIBRATE" />
12-->src\main\AndroidManifest.xml:4:5-66
12-->src\main\AndroidManifest.xml:4:22-63
13    <uses-permission android:name="android.permission.ACCESS_NETWORK_STATE" />
13-->[com.google.firebase:firebase-auth:20.0.3] AndroidManifest.xml:24:5-79
13-->[com.google.firebase:firebase-auth:20.0.3] AndroidManifest.xml:24:22-76
14    <uses-permission android:name="android.permission.WAKE_LOCK" />
14-->[com.google.android.gms:play-services-measurement-api:18.0.2] AndroidManifest.xml:24:5-68
14-->[com.google.android.gms:play-services-measurement-api:18.0.2] AndroidManifest.xml:24:22-65
15    <uses-permission android:name="com.google.android.finsky.permission.BIND_GET_INSTALL_REFERRER_SERVICE" />
15-->[com.google.android.gms:play-services-measurement:18.0.2] AndroidManifest.xml:26:5-110
15-->[com.google.android.gms:play-services-measurement:18.0.2] AndroidManifest.xml:26:22-107
16
17    <application
17-->src\main\AndroidManifest.xml:5:5-46:19
18        android:allowBackup="true"
18-->src\main\AndroidManifest.xml:7:9-35
19        android:appComponentFactory="androidx.core.app.CoreComponentFactory"
19-->[androidx.core:core:1.3.1] AndroidManifest.xml:24:18-86
20        android:hardwareAccelerated="true"
20-->src\main\AndroidManifest.xml:6:9-43
21        android:icon="@drawable/launcher_icon"
21-->src\main\AndroidManifest.xml:8:9-47
22        android:label="@string/app_name"
22-->src\main\AndroidManifest.xml:9:9-41
23        android:roundIcon="@drawable/launcher_icon"
23-->src\main\AndroidManifest.xml:10:9-52
24        android:supportsRtl="true"
24-->src\main\AndroidManifest.xml:11:9-35
25        android:theme="@style/Theme.Ezdine" >
25-->src\main\AndroidManifest.xml:12:9-44
26        <activity
26-->src\main\AndroidManifest.xml:13:9-14:51
27            android:name="com.insajet.ezdine.AboutUsActivity"
27-->src\main\AndroidManifest.xml:13:19-50
28            android:screenOrientation="portrait" />
28-->src\main\AndroidManifest.xml:14:13-49
29        <activity
29-->src\main\AndroidManifest.xml:16:9-25:20
30            android:name="com.insajet.ezdine.SplashActivity"
30-->src\main\AndroidManifest.xml:18:13-43
31            android:screenOrientation="portrait"
31-->src\main\AndroidManifest.xml:17:13-49
32            android:theme="@style/SplashScreenTheme" >
32-->src\main\AndroidManifest.xml:19:13-53
33            <intent-filter>
33-->src\main\AndroidManifest.xml:20:13-24:29
34                <action android:name="android.intent.action.MAIN" />
34-->src\main\AndroidManifest.xml:21:17-69
34-->src\main\AndroidManifest.xml:21:25-66
35
36                <category android:name="android.intent.category.LAUNCHER" />
36-->src\main\AndroidManifest.xml:23:17-77
36-->src\main\AndroidManifest.xml:23:27-74
37            </intent-filter>
38        </activity>
39        <activity
39-->src\main\AndroidManifest.xml:26:9-27:51
40            android:name="com.insajet.ezdine.ProfileActivity"
40-->src\main\AndroidManifest.xml:26:19-50
41            android:screenOrientation="portrait" />
41-->src\main\AndroidManifest.xml:27:13-49
42        <activity
42-->src\main\AndroidManifest.xml:28:9-31:58
43            android:name="com.insajet.ezdine.FirstTimeUserActivity"
43-->src\main\AndroidManifest.xml:30:13-50
44            android:screenOrientation="portrait"
44-->src\main\AndroidManifest.xml:29:13-49
45            android:windowSoftInputMode="adjustResize" />
45-->src\main\AndroidManifest.xml:31:13-55
46        <activity
46-->src\main\AndroidManifest.xml:32:9-33:51
47            android:name="com.insajet.ezdine.ItemlistActivity"
47-->src\main\AndroidManifest.xml:32:19-51
48            android:screenOrientation="portrait" />
48-->src\main\AndroidManifest.xml:33:13-49
49        <activity
49-->src\main\AndroidManifest.xml:34:9-85
50            android:name="com.insajet.ezdine.QrActivity"
50-->src\main\AndroidManifest.xml:34:19-45
51            android:screenOrientation="portrait" />
51-->src\main\AndroidManifest.xml:34:46-82
52        <activity
52-->src\main\AndroidManifest.xml:35:9-91
53            android:name="com.insajet.ezdine.VerifyOTPActivity"
53-->src\main\AndroidManifest.xml:35:19-52
54            android:screenOrientation="portrait" />
54-->src\main\AndroidManifest.xml:35:53-89
55        <activity
55-->src\main\AndroidManifest.xml:36:9-38:58
56            android:name="com.insajet.ezdine.SendOTPActivity"
56-->src\main\AndroidManifest.xml:37:13-44
57            android:windowSoftInputMode="adjustResize" />
57-->src\main\AndroidManifest.xml:38:13-55
58        <activity
58-->src\main\AndroidManifest.xml:39:9-41:58
59            android:name="com.insajet.ezdine.MainActivity"
59-->src\main\AndroidManifest.xml:40:13-41
60            android:screenOrientation="portrait"
60-->src\main\AndroidManifest.xml:40:42-78
61            android:windowSoftInputMode="adjustResize" />
61-->src\main\AndroidManifest.xml:41:13-55
62
63        <meta-data
63-->src\main\AndroidManifest.xml:43:9-45:57
64            android:name="preloaded_fonts"
64-->src\main\AndroidManifest.xml:44:13-43
65            android:resource="@array/preloaded_fonts" />
65-->src\main\AndroidManifest.xml:45:13-54
66
67        <activity
67-->[com.google.firebase:firebase-auth:20.0.3] AndroidManifest.xml:27:9-44:20
68            android:name="com.google.firebase.auth.internal.GenericIdpActivity"
68-->[com.google.firebase:firebase-auth:20.0.3] AndroidManifest.xml:28:13-80
69            android:excludeFromRecents="true"
69-->[com.google.firebase:firebase-auth:20.0.3] AndroidManifest.xml:29:13-46
70            android:exported="true"
70-->[com.google.firebase:firebase-auth:20.0.3] AndroidManifest.xml:30:13-36
71            android:launchMode="singleTask"
71-->[com.google.firebase:firebase-auth:20.0.3] AndroidManifest.xml:31:13-44
72            android:theme="@android:style/Theme.Translucent.NoTitleBar" >
72-->[com.google.firebase:firebase-auth:20.0.3] AndroidManifest.xml:32:13-72
73            <intent-filter>
73-->[com.google.firebase:firebase-auth:20.0.3] AndroidManifest.xml:33:13-43:29
74                <action android:name="android.intent.action.VIEW" />
74-->[com.google.firebase:firebase-auth:20.0.3] AndroidManifest.xml:34:17-69
74-->[com.google.firebase:firebase-auth:20.0.3] AndroidManifest.xml:34:25-66
75
76                <category android:name="android.intent.category.DEFAULT" />
76-->[com.google.firebase:firebase-auth:20.0.3] AndroidManifest.xml:36:17-76
76-->[com.google.firebase:firebase-auth:20.0.3] AndroidManifest.xml:36:27-73
77                <category android:name="android.intent.category.BROWSABLE" />
77-->[com.google.firebase:firebase-auth:20.0.3] AndroidManifest.xml:37:17-78
77-->[com.google.firebase:firebase-auth:20.0.3] AndroidManifest.xml:37:27-75
78
79                <data
79-->[com.google.firebase:firebase-auth:20.0.3] AndroidManifest.xml:39:17-42:51
80                    android:host="firebase.auth"
80-->[com.google.firebase:firebase-auth:20.0.3] AndroidManifest.xml:40:21-49
81                    android:path="/"
81-->[com.google.firebase:firebase-auth:20.0.3] AndroidManifest.xml:41:21-37
82                    android:scheme="genericidp" />
82-->[com.google.firebase:firebase-auth:20.0.3] AndroidManifest.xml:42:21-48
83            </intent-filter>
84        </activity>
85        <activity
85-->[com.google.firebase:firebase-auth:20.0.3] AndroidManifest.xml:45:9-62:20
86            android:name="com.google.firebase.auth.internal.RecaptchaActivity"
86-->[com.google.firebase:firebase-auth:20.0.3] AndroidManifest.xml:46:13-79
87            android:excludeFromRecents="true"
87-->[com.google.firebase:firebase-auth:20.0.3] AndroidManifest.xml:47:13-46
88            android:exported="true"
88-->[com.google.firebase:firebase-auth:20.0.3] AndroidManifest.xml:48:13-36
89            android:launchMode="singleTask"
89-->[com.google.firebase:firebase-auth:20.0.3] AndroidManifest.xml:49:13-44
90            android:theme="@android:style/Theme.Translucent.NoTitleBar" >
90-->[com.google.firebase:firebase-auth:20.0.3] AndroidManifest.xml:50:13-72
91            <intent-filter>
91-->[com.google.firebase:firebase-auth:20.0.3] AndroidManifest.xml:51:13-61:29
92                <action android:name="android.intent.action.VIEW" />
92-->[com.google.firebase:firebase-auth:20.0.3] AndroidManifest.xml:34:17-69
92-->[com.google.firebase:firebase-auth:20.0.3] AndroidManifest.xml:34:25-66
93
94                <category android:name="android.intent.category.DEFAULT" />
94-->[com.google.firebase:firebase-auth:20.0.3] AndroidManifest.xml:36:17-76
94-->[com.google.firebase:firebase-auth:20.0.3] AndroidManifest.xml:36:27-73
95                <category android:name="android.intent.category.BROWSABLE" />
95-->[com.google.firebase:firebase-auth:20.0.3] AndroidManifest.xml:37:17-78
95-->[com.google.firebase:firebase-auth:20.0.3] AndroidManifest.xml:37:27-75
96
97                <data
97-->[com.google.firebase:firebase-auth:20.0.3] AndroidManifest.xml:39:17-42:51
98                    android:host="firebase.auth"
98-->[com.google.firebase:firebase-auth:20.0.3] AndroidManifest.xml:40:21-49
99                    android:path="/"
99-->[com.google.firebase:firebase-auth:20.0.3] AndroidManifest.xml:41:21-37
100                    android:scheme="recaptcha" />
100-->[com.google.firebase:firebase-auth:20.0.3] AndroidManifest.xml:42:21-48
101            </intent-filter>
102        </activity>
103
104        <service
104-->[com.google.firebase:firebase-auth:20.0.3] AndroidManifest.xml:64:9-73:19
105            android:name="com.google.firebase.auth.api.fallback.service.FirebaseAuthFallbackService"
105-->[com.google.firebase:firebase-auth:20.0.3] AndroidManifest.xml:65:13-101
106            android:enabled="true"
106-->[com.google.firebase:firebase-auth:20.0.3] AndroidManifest.xml:66:13-35
107            android:exported="false" >
107-->[com.google.firebase:firebase-auth:20.0.3] AndroidManifest.xml:67:13-37
108            <intent-filter>
108-->[com.google.firebase:firebase-auth:20.0.3] AndroidManifest.xml:68:13-72:29
109                <action android:name="com.google.firebase.auth.api.gms.service.START" />
109-->[com.google.firebase:firebase-auth:20.0.3] AndroidManifest.xml:69:17-89
109-->[com.google.firebase:firebase-auth:20.0.3] AndroidManifest.xml:69:25-86
110
111                <category android:name="android.intent.category.DEFAULT" />
111-->[com.google.firebase:firebase-auth:20.0.3] AndroidManifest.xml:36:17-76
111-->[com.google.firebase:firebase-auth:20.0.3] AndroidManifest.xml:36:27-73
112            </intent-filter>
113        </service>
114        <service
114-->[com.google.firebase:firebase-auth:20.0.3] AndroidManifest.xml:74:9-80:19
115            android:name="com.google.firebase.components.ComponentDiscoveryService"
115-->[com.google.firebase:firebase-auth:20.0.3] AndroidManifest.xml:75:13-84
116            android:directBootAware="true"
116-->[com.google.firebase:firebase-common:19.5.0] AndroidManifest.xml:35:13-43
117            android:exported="false" >
117-->[com.google.firebase:firebase-auth:20.0.3] AndroidManifest.xml:76:13-37
118            <meta-data
118-->[com.google.firebase:firebase-auth:20.0.3] AndroidManifest.xml:77:13-79:85
119                android:name="com.google.firebase.components:com.google.firebase.auth.FirebaseAuthRegistrar"
119-->[com.google.firebase:firebase-auth:20.0.3] AndroidManifest.xml:78:17-109
120                android:value="com.google.firebase.components.ComponentRegistrar" />
120-->[com.google.firebase:firebase-auth:20.0.3] AndroidManifest.xml:79:17-82
121            <meta-data
121-->[com.google.firebase:firebase-database:19.7.0] AndroidManifest.xml:32:13-34:85
122                android:name="com.google.firebase.components:com.google.firebase.database.DatabaseRegistrar"
122-->[com.google.firebase:firebase-database:19.7.0] AndroidManifest.xml:33:17-109
123                android:value="com.google.firebase.components.ComponentRegistrar" />
123-->[com.google.firebase:firebase-database:19.7.0] AndroidManifest.xml:34:17-82
124            <meta-data
124-->[com.google.firebase:firebase-crashlytics:17.3.1] AndroidManifest.xml:18:13-20:85
125                android:name="com.google.firebase.components:com.google.firebase.crashlytics.CrashlyticsRegistrar"
125-->[com.google.firebase:firebase-crashlytics:17.3.1] AndroidManifest.xml:19:17-115
126                android:value="com.google.firebase.components.ComponentRegistrar" />
126-->[com.google.firebase:firebase-crashlytics:17.3.1] AndroidManifest.xml:20:17-82
127            <meta-data
127-->[com.google.android.gms:play-services-measurement-api:18.0.2] AndroidManifest.xml:30:13-32:85
128                android:name="com.google.firebase.components:com.google.firebase.analytics.connector.internal.AnalyticsConnectorRegistrar"
128-->[com.google.android.gms:play-services-measurement-api:18.0.2] AndroidManifest.xml:31:17-139
129                android:value="com.google.firebase.components.ComponentRegistrar" />
129-->[com.google.android.gms:play-services-measurement-api:18.0.2] AndroidManifest.xml:32:17-82
130            <meta-data
130-->[com.google.firebase:firebase-installations:16.3.5] AndroidManifest.xml:18:13-20:85
131                android:name="com.google.firebase.components:com.google.firebase.installations.FirebaseInstallationsRegistrar"
131-->[com.google.firebase:firebase-installations:16.3.5] AndroidManifest.xml:19:17-127
132                android:value="com.google.firebase.components.ComponentRegistrar" />
132-->[com.google.firebase:firebase-installations:16.3.5] AndroidManifest.xml:20:17-82
133            <!--
134                This registrar is not defined in the dynamic-module-support sdk itself to allow non-firebase
135                clients to use it as well, by defining this registrar in their own core/common library.
136            -->
137            <meta-data
137-->[com.google.firebase:firebase-common:19.5.0] AndroidManifest.xml:43:13-45:85
138                android:name="com.google.firebase.components:com.google.firebase.dynamicloading.DynamicLoadingRegistrar"
138-->[com.google.firebase:firebase-common:19.5.0] AndroidManifest.xml:44:17-121
139                android:value="com.google.firebase.components.ComponentRegistrar" />
139-->[com.google.firebase:firebase-common:19.5.0] AndroidManifest.xml:45:17-82
140        </service>
141        <service
141-->[com.google.android.datatransport:transport-backend-cct:2.3.3] AndroidManifest.xml:29:9-35:19
142            android:name="com.google.android.datatransport.runtime.backends.TransportBackendDiscovery"
142-->[com.google.android.datatransport:transport-backend-cct:2.3.3] AndroidManifest.xml:30:13-103
143            android:exported="false" >
143-->[com.google.android.datatransport:transport-backend-cct:2.3.3] AndroidManifest.xml:31:13-37
144            <meta-data
144-->[com.google.android.datatransport:transport-backend-cct:2.3.3] AndroidManifest.xml:32:13-34:39
145                android:name="backend:com.google.android.datatransport.cct.CctBackendFactory"
145-->[com.google.android.datatransport:transport-backend-cct:2.3.3] AndroidManifest.xml:33:17-94
146                android:value="cct" />
146-->[com.google.android.datatransport:transport-backend-cct:2.3.3] AndroidManifest.xml:34:17-36
147        </service>
148
149        <provider
149-->[com.google.firebase:firebase-common:19.5.0] AndroidManifest.xml:26:9-31:39
150            android:name="com.google.firebase.provider.FirebaseInitProvider"
150-->[com.google.firebase:firebase-common:19.5.0] AndroidManifest.xml:27:13-77
151            android:authorities="com.insajet.ezdine.firebaseinitprovider"
151-->[com.google.firebase:firebase-common:19.5.0] AndroidManifest.xml:28:13-72
152            android:directBootAware="true"
152-->[com.google.firebase:firebase-common:19.5.0] AndroidManifest.xml:29:13-43
153            android:exported="false"
153-->[com.google.firebase:firebase-common:19.5.0] AndroidManifest.xml:30:13-37
154            android:initOrder="100" />
154-->[com.google.firebase:firebase-common:19.5.0] AndroidManifest.xml:31:13-36
155
156        <activity
156-->[com.google.android.gms:play-services-base:17.1.0] AndroidManifest.xml:23:9-26:75
157            android:name="com.google.android.gms.common.api.GoogleApiActivity"
157-->[com.google.android.gms:play-services-base:17.1.0] AndroidManifest.xml:24:13-79
158            android:exported="false"
158-->[com.google.android.gms:play-services-base:17.1.0] AndroidManifest.xml:25:13-37
159            android:theme="@android:style/Theme.Translucent.NoTitleBar" />
159-->[com.google.android.gms:play-services-base:17.1.0] AndroidManifest.xml:26:13-72
160
161        <receiver
161-->[com.google.android.gms:play-services-measurement:18.0.2] AndroidManifest.xml:29:9-33:20
162            android:name="com.google.android.gms.measurement.AppMeasurementReceiver"
162-->[com.google.android.gms:play-services-measurement:18.0.2] AndroidManifest.xml:30:13-85
163            android:enabled="true"
163-->[com.google.android.gms:play-services-measurement:18.0.2] AndroidManifest.xml:31:13-35
164            android:exported="false" >
164-->[com.google.android.gms:play-services-measurement:18.0.2] AndroidManifest.xml:32:13-37
165        </receiver>
166
167        <service
167-->[com.google.android.gms:play-services-measurement:18.0.2] AndroidManifest.xml:35:9-38:40
168            android:name="com.google.android.gms.measurement.AppMeasurementService"
168-->[com.google.android.gms:play-services-measurement:18.0.2] AndroidManifest.xml:36:13-84
169            android:enabled="true"
169-->[com.google.android.gms:play-services-measurement:18.0.2] AndroidManifest.xml:37:13-35
170            android:exported="false" />
170-->[com.google.android.gms:play-services-measurement:18.0.2] AndroidManifest.xml:38:13-37
171        <service
171-->[com.google.android.gms:play-services-measurement:18.0.2] AndroidManifest.xml:39:9-43:72
172            android:name="com.google.android.gms.measurement.AppMeasurementJobService"
172-->[com.google.android.gms:play-services-measurement:18.0.2] AndroidManifest.xml:40:13-87
173            android:enabled="true"
173-->[com.google.android.gms:play-services-measurement:18.0.2] AndroidManifest.xml:41:13-35
174            android:exported="false"
174-->[com.google.android.gms:play-services-measurement:18.0.2] AndroidManifest.xml:42:13-37
175            android:permission="android.permission.BIND_JOB_SERVICE" />
175-->[com.google.android.gms:play-services-measurement:18.0.2] AndroidManifest.xml:43:13-69
176
177        <meta-data
177-->[com.google.android.gms:play-services-basement:17.1.0] AndroidManifest.xml:23:9-25:69
178            android:name="com.google.android.gms.version"
178-->[com.google.android.gms:play-services-basement:17.1.0] AndroidManifest.xml:24:13-58
179            android:value="@integer/google_play_services_version" />
179-->[com.google.android.gms:play-services-basement:17.1.0] AndroidManifest.xml:25:13-66
180
181        <service
181-->[com.google.android.datatransport:transport-runtime:2.2.5] AndroidManifest.xml:26:9-30:19
182            android:name="com.google.android.datatransport.runtime.scheduling.jobscheduling.JobInfoSchedulerService"
182-->[com.google.android.datatransport:transport-runtime:2.2.5] AndroidManifest.xml:27:13-117
183            android:exported="false"
183-->[com.google.android.datatransport:transport-runtime:2.2.5] AndroidManifest.xml:28:13-37
184            android:permission="android.permission.BIND_JOB_SERVICE" >
184-->[com.google.android.datatransport:transport-runtime:2.2.5] AndroidManifest.xml:29:13-69
185        </service>
186
187        <receiver
187-->[com.google.android.datatransport:transport-runtime:2.2.5] AndroidManifest.xml:32:9-34:40
188            android:name="com.google.android.datatransport.runtime.scheduling.jobscheduling.AlarmManagerSchedulerBroadcastReceiver"
188-->[com.google.android.datatransport:transport-runtime:2.2.5] AndroidManifest.xml:33:13-132
189            android:exported="false" />
189-->[com.google.android.datatransport:transport-runtime:2.2.5] AndroidManifest.xml:34:13-37
190    </application>
191
192</manifest>